<?xml version="1.0" encoding="utf-8"?><testsuites name="pytest tests"><testsuite name="pytest" errors="0" failures="0" skipped="0" tests="58" time="3.526" timestamp="2026-07-31T15:59:33.628491+08:00" hostname="Y9KP-ACANX"><testcase classname="tests.unit.application.test_api_errors" name="test_packaged_catalog_has_fixed_success_codes_and_stable_indexes" time="0.036" /><testcase classname="tests.unit.application.test_api_errors" name="test_duplicate_numeric_code_and_invalid_domain_range_are_rejected" time="0.000" /><testcase classname="tests.unit.application.test_api_errors" name="test_public_details_are_whitelisted_and_mapped_to_snake_case" time="0.009" /><testcase classname="tests.unit.application.test_api_errors" name="test_reusing_published_code_with_changed_semantics_is_rejected" time="0.019" /><testcase classname="tests.unit.application.test_config" name="test_equivalent_yaml_order_produces_same_config_hash" time="0.019" /><testcase classname="tests.unit.application.test_config" name="test_behavior_change_changes_hash_and_unapproved_override_is_rejected" time="0.000" /><testcase classname="tests.unit.application.test_config" name="test_duplicate_yaml_key_is_rejected" time="0.002" /><testcase classname="tests.unit.application.test_config" name="test_yaml_decimal_spelling_is_normalized_without_float" time="0.002" /><testcase classname="tests.unit.application.test_config" name="test_secret_values_and_machine_absolute_paths_are_excluded_by_rejection" time="0.000" /><testcase classname="tests.unit.application.test_response_envelope" name="test_success_response_omits_error_and_unused_fields" time="0.001" /><testcase classname="tests.unit.application.test_response_envelope" name="test_business_exception_uses_catalog_http_error_and_filtered_details" time="0.008" /><testcase classname="tests.unit.application.test_response_envelope" name="test_unknown_or_sensitive_business_details_fail_closed_to_registered_500" time="0.008" /><testcase classname="tests.unit.core.test_canonical_json" name="test_canonical_json_sorts_fields_and_normalizes_decimal_utc_and_null" time="0.001" /><testcase classname="tests.unit.core.test_canonical_json" name="test_float_is_not_allowed_in_identity_hash_paths" time="0.000" /><testcase classname="tests.unit.core.test_event_ordering" name="test_v1_phase_codes_are_exactly_the_six_fixed_phases" time="0.000" /><testcase classname="tests.unit.core.test_event_ordering" name="test_event_id_is_final_stable_tiebreaker" time="0.001" /><testcase classname="tests.unit.core.test_event_ordering" name="test_generated_ordering_property_is_invariant_to_input_permutation" time="0.022" /><testcase classname="tests.unit.core.test_event_registry" name="test_unknown_major_version_is_quarantined" time="0.001" /><testcase classname="tests.unit.core.test_event_registry" name="test_initial_registry_declares_all_stage_one_core_event_types" time="0.004" /><testcase classname="tests.unit.core.test_event_registry" name="test_deterministic_upgrader_returns_stable_current_payload" time="0.001" /><testcase classname="tests.unit.core.test_events" name="test_event_content_hash_detects_tampering" time="0.001" /><testcase classname="tests.unit.core.test_events" name="test_causality_rejects_duplicate_ids_and_invalid_parent_reference" time="0.001" /><testcase classname="tests.unit.core.test_events" name="test_event_rejects_unscoped_subaccount_and_invalid_precision" time="0.001" /><testcase classname="tests.unit.core.test_models" name="test_strict_model_rejects_unknown_fields_and_implicit_types" time="0.001" /><testcase classname="tests.unit.core.test_models" name="test_pascal_case_alias_round_trip_only" time="0.000" /><testcase classname="tests.unit.core.test_models" name="test_model_without_unique_explicit_alias_is_rejected" time="0.001" /><testcase classname="tests.unit.core.test_run_manifest" name="test_identity_fields_are_stable_when_only_result_counters_change" time="0.000" /><testcase classname="tests.unit.core.test_run_manifest" name="test_missing_required_version_prevents_run_manifest_creation" time="0.000" /><testcase classname="tests.unit.core.test_time" name="test_second_and_millisecond_timestamp_round_trip" time="0.008" /><testcase classname="tests.unit.core.test_time" name="test_second_run_rejects_millisecond_without_rounding" time="0.000" /><testcase classname="tests.unit.core.test_time" name="test_timestamp_must_be_utc" time="0.000" /><testcase classname="tests.unit.monitoring.test_structured_logging" name="test_json_logging_carries_context_and_redacts_secret_and_pii" time="0.001" /><testcase classname="tests.unit.monitoring.test_structured_logging" name="test_bounded_queue_failure_does_not_raise_or_block_error_record" time="0.000" /><testcase classname="tests.unit.scripts.test_engineering_scripts" name="test_preflight_rejects_invalid_project_yaml_and_timestamp_alias" time="0.189" /><testcase classname="tests.unit.scripts.test_engineering_scripts" name="test_preflight_rejects_root_level_python_business_package" time="0.166" /><testcase classname="tests.unit.scripts.test_engineering_scripts" name="test_secret_scanner_blocks_high_confidence_assignment_without_echoing_value" time="0.106" /><testcase classname="tests.unit.scripts.test_engineering_scripts" name="test_evidence_collector_records_junit_environment_seed_and_artifact_hash" time="0.104" /><testcase classname="tests.unit.scripts.test_engineering_scripts" name="test_license_policy_requires_approval_before_it_can_pass" time="0.208" /><testcase classname="tests.contract.test_architecture_dependencies" name="test_domain_packages_do_not_depend_on_entrypoints_or_concrete_infrastructure" time="0.109" /><testcase classname="tests.contract.test_p0_engineering_baseline" name="test_solution_a_layout_has_required_roots_and_single_import_package" time="0.009" /><testcase classname="tests.contract.test_p0_engineering_baseline" name="test_development_compose_is_ephemeral_and_has_health_checks" time="0.005" /><testcase classname="tests.contract.test_p0_engineering_baseline" name="test_all_p0_work_items_have_governance_fields_and_audit_history" time="0.026" /><testcase classname="tests.contract.test_p0_engineering_baseline" name="test_all_governance_registers_declare_required_fields_and_unique_record_ids" time="0.067" /><testcase classname="tests.contract.test_p0_engineering_baseline" name="test_traceability_matrix_covers_all_mandatory_review_contracts" time="0.013" /><testcase classname="tests.packaging.test_entrypoints" name="test_project_scripts_match_all_formal_entrypoint_modules" time="0.003" /><testcase classname="tests.packaging.test_entrypoints" name="test_formal_entrypoint_help_is_offline_and_has_explicit_exit_code[vq-api-server-veritasquant.apps.server.ApiServer]" time="0.097" /><testcase classname="tests.packaging.test_entrypoints" name="test_formal_entrypoint_help_is_offline_and_has_explicit_exit_code[vq-trading-worker-veritasquant.apps.server.TradingWorker]" time="0.024" /><testcase classname="tests.packaging.test_entrypoints" name="test_formal_entrypoint_help_is_offline_and_has_explicit_exit_code[vq-scheduler-service-veritasquant.apps.server.SchedulerService]" time="0.031" /><testcase classname="tests.packaging.test_entrypoints" name="test_formal_entrypoint_help_is_offline_and_has_explicit_exit_code[vq-gui-client-veritasquant.apps.guiclient.GuiClient]" time="0.060" /><testcase classname="tests.packaging.test_entrypoints" name="test_formal_entrypoint_help_is_offline_and_has_explicit_exit_code[vq-job-data-ingestion-veritasquant.jobs.DataIngestionJob]" time="0.044" /><testcase classname="tests.packaging.test_entrypoints" name="test_formal_entrypoint_help_is_offline_and_has_explicit_exit_code[vq-job-account-reconciliation-veritasquant.jobs.AccountReconciliationJob]" time="0.026" /><testcase classname="tests.packaging.test_entrypoints" name="test_formal_entrypoint_help_is_offline_and_has_explicit_exit_code[vq-job-execution-calibration-veritasquant.jobs.ExecutionCalibrationJob]" time="0.026" /><testcase classname="tests.packaging.test_entrypoints" name="test_formal_entrypoint_help_is_offline_and_has_explicit_exit_code[vq-job-report-generation-veritasquant.jobs.ReportGenerationJob]" time="0.021" /><testcase classname="tests.packaging.test_entrypoints" name="test_formal_entrypoint_help_is_offline_and_has_explicit_exit_code[vq-import-market-data-veritasquant.cli.ImportMarketData]" time="0.054" /><testcase classname="tests.packaging.test_entrypoints" name="test_formal_entrypoint_help_is_offline_and_has_explicit_exit_code[vq-validate-market-data-veritasquant.cli.ValidateMarketData]" time="0.021" /><testcase classname="tests.packaging.test_entrypoints" name="test_formal_entrypoint_help_is_offline_and_has_explicit_exit_code[vq-run-backtest-veritasquant.cli.RunBacktest]" time="0.020" /><testcase classname="tests.packaging.test_entrypoints" name="test_formal_entrypoint_help_is_offline_and_has_explicit_exit_code[vq-run-paper-trading-veritasquant.cli.RunPaperTrading]" time="0.023" /><testcase classname="tests.packaging.test_entrypoints" name="test_packaged_error_catalog_is_available_without_repo_relative_path" time="0.005" /></testsuite></testsuites>